        -:    0:Source:TestSolution.c++
        -:    0:Graph:TestSolution.gcno
        -:    0:Data:TestSolution.gcda
        -:    0:Runs:2
        -:    0:Programs:1
        -:    1:// https://code.google.com/p/googletest/wiki/V1_7_Primer#Basic_Assertions
        -:    2:
        -:    3:// --------
        -:    4:// includes
        -:    5:// --------
        -:    6:
        -:    7:#include <iostream> // cout, endl
        -:    8:#include <sstream>  // istringtstream, ostringstream
        -:    9:#include <string>   // string
        -:   10:#include <utility>  // pair
        -:   11:#include <stdlib.h> // rand
        -:   12:
        -:   13:#include "gtest/gtest.h"
        -:   14:
        -:   15:#include "Solution.h"
        -:   16:
        -:   17:using namespace std;
        -:   18:
        -:   19:
        -:   20:// -----
        -:   21:// solve
        -:   22:// -----
        -:   23:
function _ZN20Fixture_solve_1_TestD0Ev called 2 returned 100% blocks executed 100%
function _ZN20Fixture_solve_1_TestD2Ev called 2 returned 100% blocks executed 75%
function _ZN20Fixture_solve_1_Test8TestBodyEv called 2 returned 100% blocks executed 50%
function _ZN20Fixture_solve_1_TestC2Ev called 2 returned 100% blocks executed 100%
       10:   24:TEST(Fixture, solve_1) {
call    0 returned 100%
call    1 returned 100%
call    2 returned 100%
call    3 returned 100%
call    4 returned 100%
call    5 returned 100%
call    6 returned 100%
branch  7 taken 0% (fallthrough)
branch  8 taken 100%
call    9 never executed
call   10 returned 100%
        4:   25:    istringstream r("5 6\n1 2 2\n2 5 5\n2 3 4\n1 4 1\n4 3 3\n3 5 1\n");
call    0 returned 100%
call    1 returned 100%
branch  2 taken 100% (fallthrough)
branch  3 taken 0% (throw)
call    4 returned 100%
branch  5 taken 100% (fallthrough)
branch  6 taken 0% (throw)
call    7 returned 100%
call    8 returned 100%
call    9 never executed
call   10 never executed
call   11 never executed
call   12 never executed
        4:   26:    ostringstream w;
call    0 returned 100%
branch  1 taken 100% (fallthrough)
branch  2 taken 0% (throw)
call    3 returned 100%
branch  4 taken 100%
branch  5 taken 0%
call    6 never executed
        2:   27:    solve(r, w);
call    0 returned 100%
branch  1 taken 100% (fallthrough)
branch  2 taken 0% (throw)
        2:   28:    ASSERT_EQ("1 4 3 5\n", w.str());
call    0 returned 100%
branch  1 taken 100% (fallthrough)
branch  2 taken 0% (throw)
call    3 returned 100%
branch  4 taken 100% (fallthrough)
branch  5 taken 0% (throw)
call    6 returned 100%
call    7 returned 100%
branch  8 taken 0% (fallthrough)
branch  9 taken 100%
call   10 never executed
branch 11 never executed
branch 12 never executed
call   13 never executed
branch 14 never executed
branch 15 never executed
call   16 never executed
branch 17 never executed
branch 18 never executed
call   19 never executed
branch 20 never executed
branch 21 never executed
call   22 never executed
call   23 never executed
call   24 returned 100%
branch 25 taken 100%
branch 26 taken 0%
call   27 returned 100%
branch 28 taken 100%
branch 29 taken 0%
call   30 never executed
call   31 never executed
call   32 never executed
        -:   29:}
        -:   30:
function _ZN20Fixture_solve_2_TestD0Ev called 2 returned 100% blocks executed 100%
function _ZN20Fixture_solve_2_TestD2Ev called 2 returned 100% blocks executed 75%
function _ZN20Fixture_solve_2_Test8TestBodyEv called 2 returned 100% blocks executed 50%
function _ZN20Fixture_solve_2_TestC2Ev called 2 returned 100% blocks executed 100%
       10:   31:TEST(Fixture, solve_2) {
call    0 returned 100%
call    1 returned 100%
call    2 returned 100%
call    3 returned 100%
call    4 returned 100%
call    5 returned 100%
call    6 returned 100%
branch  7 taken 0% (fallthrough)
branch  8 taken 100%
call    9 never executed
call   10 returned 100%
        4:   32:    istringstream r("5 0\n");
call    0 returned 100%
call    1 returned 100%
branch  2 taken 100% (fallthrough)
branch  3 taken 0% (throw)
call    4 returned 100%
branch  5 taken 100% (fallthrough)
branch  6 taken 0% (throw)
call    7 returned 100%
call    8 returned 100%
call    9 never executed
call   10 never executed
call   11 never executed
call   12 never executed
        4:   33:    ostringstream w;
call    0 returned 100%
branch  1 taken 100% (fallthrough)
branch  2 taken 0% (throw)
call    3 returned 100%
branch  4 taken 100%
branch  5 taken 0%
call    6 never executed
        2:   34:    solve(r, w);
call    0 returned 100%
branch  1 taken 100% (fallthrough)
branch  2 taken 0% (throw)
        2:   35:    ASSERT_EQ("-1\n", w.str());
call    0 returned 100%
branch  1 taken 100% (fallthrough)
branch  2 taken 0% (throw)
call    3 returned 100%
branch  4 taken 100% (fallthrough)
branch  5 taken 0% (throw)
call    6 returned 100%
call    7 returned 100%
branch  8 taken 0% (fallthrough)
branch  9 taken 100%
call   10 never executed
branch 11 never executed
branch 12 never executed
call   13 never executed
branch 14 never executed
branch 15 never executed
call   16 never executed
branch 17 never executed
branch 18 never executed
call   19 never executed
branch 20 never executed
branch 21 never executed
call   22 never executed
call   23 never executed
call   24 returned 100%
branch 25 taken 100%
branch 26 taken 0%
call   27 returned 100%
branch 28 taken 100%
branch 29 taken 0%
call   30 never executed
call   31 never executed
call   32 never executed
        -:   36:}
        -:   37:
function _ZN20Fixture_solve_3_TestD0Ev called 2 returned 100% blocks executed 100%
function _ZN20Fixture_solve_3_TestD2Ev called 2 returned 100% blocks executed 75%
function _ZN20Fixture_solve_3_Test8TestBodyEv called 2 returned 100% blocks executed 50%
function _ZN20Fixture_solve_3_TestC2Ev called 2 returned 100% blocks executed 100%
       10:   38:TEST(Fixture, solve_3) {
call    0 returned 100%
call    1 returned 100%
call    2 returned 100%
call    3 returned 100%
call    4 returned 100%
call    5 returned 100%
call    6 returned 100%
branch  7 taken 0% (fallthrough)
branch  8 taken 100%
call    9 never executed
call   10 returned 100%
        4:   39:    istringstream r("4 4\n1 2 1\n1 3 1\n2 4 1\n3 4 1\n");
call    0 returned 100%
call    1 returned 100%
branch  2 taken 100% (fallthrough)
branch  3 taken 0% (throw)
call    4 returned 100%
branch  5 taken 100% (fallthrough)
branch  6 taken 0% (throw)
call    7 returned 100%
call    8 returned 100%
call    9 never executed
call   10 never executed
call   11 never executed
call   12 never executed
        4:   40:    ostringstream w;
call    0 returned 100%
branch  1 taken 100% (fallthrough)
branch  2 taken 0% (throw)
call    3 returned 100%
branch  4 taken 100%
branch  5 taken 0%
call    6 never executed
        2:   41:    solve(r, w);
call    0 returned 100%
branch  1 taken 100% (fallthrough)
branch  2 taken 0% (throw)
        2:   42:    ASSERT_EQ("1 2 4\n", w.str());
call    0 returned 100%
branch  1 taken 100% (fallthrough)
branch  2 taken 0% (throw)
call    3 returned 100%
branch  4 taken 100% (fallthrough)
branch  5 taken 0% (throw)
call    6 returned 100%
call    7 returned 100%
branch  8 taken 0% (fallthrough)
branch  9 taken 100%
call   10 never executed
branch 11 never executed
branch 12 never executed
call   13 never executed
branch 14 never executed
branch 15 never executed
call   16 never executed
branch 17 never executed
branch 18 never executed
call   19 never executed
branch 20 never executed
branch 21 never executed
call   22 never executed
call   23 never executed
call   24 returned 100%
branch 25 taken 100%
branch 26 taken 0%
call   27 returned 100%
branch 28 taken 100%
branch 29 taken 0%
call   30 never executed
call   31 never executed
call   32 never executed
        -:   43:}
        -:   44:
function _ZN20Fixture_solve_4_TestD0Ev called 2 returned 100% blocks executed 100%
function _ZN20Fixture_solve_4_TestD2Ev called 2 returned 100% blocks executed 75%
function _ZN20Fixture_solve_4_Test8TestBodyEv called 2 returned 100% blocks executed 50%
function _ZN20Fixture_solve_4_TestC2Ev called 2 returned 100% blocks executed 100%
       10:   45:TEST(Fixture, solve_4) {
call    0 returned 100%
call    1 returned 100%
call    2 returned 100%
call    3 returned 100%
call    4 returned 100%
call    5 returned 100%
call    6 returned 100%
branch  7 taken 0% (fallthrough)
branch  8 taken 100%
call    9 never executed
call   10 returned 100%
        4:   46:    istringstream r("5 5\n1 2 1\n2 3 1\n3 4 1\n1 5 100\n");
call    0 returned 100%
call    1 returned 100%
branch  2 taken 100% (fallthrough)
branch  3 taken 0% (throw)
call    4 returned 100%
branch  5 taken 100% (fallthrough)
branch  6 taken 0% (throw)
call    7 returned 100%
call    8 returned 100%
call    9 never executed
call   10 never executed
call   11 never executed
call   12 never executed
        4:   47:    ostringstream w;
call    0 returned 100%
branch  1 taken 100% (fallthrough)
branch  2 taken 0% (throw)
call    3 returned 100%
branch  4 taken 100%
branch  5 taken 0%
call    6 never executed
        2:   48:    solve(r, w);
call    0 returned 100%
branch  1 taken 100% (fallthrough)
branch  2 taken 0% (throw)
        2:   49:    ASSERT_EQ("1 5\n", w.str());
call    0 returned 100%
branch  1 taken 100% (fallthrough)
branch  2 taken 0% (throw)
call    3 returned 100%
branch  4 taken 100% (fallthrough)
branch  5 taken 0% (throw)
call    6 returned 100%
call    7 returned 100%
branch  8 taken 0% (fallthrough)
branch  9 taken 100%
call   10 never executed
branch 11 never executed
branch 12 never executed
call   13 never executed
branch 14 never executed
branch 15 never executed
call   16 never executed
branch 17 never executed
branch 18 never executed
call   19 never executed
branch 20 never executed
branch 21 never executed
call   22 never executed
call   23 never executed
call   24 returned 100%
branch 25 taken 100%
branch 26 taken 0%
call   27 returned 100%
branch 28 taken 100%
branch 29 taken 0%
call   30 never executed
call   31 never executed
call   32 never executed
        -:   50:}
        -:   51:
function _ZN20Fixture_solve_5_TestD0Ev called 2 returned 100% blocks executed 100%
function _ZN20Fixture_solve_5_TestD2Ev called 2 returned 100% blocks executed 75%
function _ZN20Fixture_solve_5_Test8TestBodyEv called 2 returned 100% blocks executed 50%
function _ZN20Fixture_solve_5_TestC2Ev called 2 returned 100% blocks executed 100%
       10:   52:TEST(Fixture, solve_5) {
call    0 returned 100%
call    1 returned 100%
call    2 returned 100%
call    3 returned 100%
call    4 returned 100%
call    5 returned 100%
call    6 returned 100%
branch  7 taken 0% (fallthrough)
branch  8 taken 100%
call    9 never executed
call   10 returned 100%
        4:   53:    istringstream r("3 1\n1 2 1\n");
call    0 returned 100%
call    1 returned 100%
branch  2 taken 100% (fallthrough)
branch  3 taken 0% (throw)
call    4 returned 100%
branch  5 taken 100% (fallthrough)
branch  6 taken 0% (throw)
call    7 returned 100%
call    8 returned 100%
call    9 never executed
call   10 never executed
call   11 never executed
call   12 never executed
        4:   54:    ostringstream w;
call    0 returned 100%
branch  1 taken 100% (fallthrough)
branch  2 taken 0% (throw)
call    3 returned 100%
branch  4 taken 100%
branch  5 taken 0%
call    6 never executed
        2:   55:    solve(r, w);
call    0 returned 100%
branch  1 taken 100% (fallthrough)
branch  2 taken 0% (throw)
        2:   56:    ASSERT_EQ("-1\n", w.str());
call    0 returned 100%
branch  1 taken 100% (fallthrough)
branch  2 taken 0% (throw)
call    3 returned 100%
branch  4 taken 100% (fallthrough)
branch  5 taken 0% (throw)
call    6 returned 100%
call    7 returned 100%
branch  8 taken 0% (fallthrough)
branch  9 taken 100%
call   10 never executed
branch 11 never executed
branch 12 never executed
call   13 never executed
branch 14 never executed
branch 15 never executed
call   16 never executed
branch 17 never executed
branch 18 never executed
call   19 never executed
branch 20 never executed
branch 21 never executed
call   22 never executed
call   23 never executed
call   24 returned 100%
branch 25 taken 100%
branch 26 taken 0%
call   27 returned 100%
branch 28 taken 100%
branch 29 taken 0%
call   30 never executed
call   31 never executed
call   32 never executed
        -:   57:}
        -:   58:
function _ZN20Fixture_solve_6_TestD0Ev called 2 returned 100% blocks executed 100%
function _ZN20Fixture_solve_6_TestD2Ev called 2 returned 100% blocks executed 75%
function _ZN20Fixture_solve_6_Test8TestBodyEv called 2 returned 100% blocks executed 58%
function _ZN20Fixture_solve_6_TestC2Ev called 2 returned 100% blocks executed 100%
       10:   59:TEST(Fixture, solve_6) {
call    0 returned 100%
call    1 returned 100%
call    2 returned 100%
call    3 returned 100%
call    4 returned 100%
call    5 returned 100%
call    6 returned 100%
branch  7 taken 0% (fallthrough)
branch  8 taken 100%
call    9 never executed
call   10 returned 100%
        4:   60:  stringstream r("100000 99999\n");
call    0 returned 100%
call    1 returned 100%
call    2 returned 100%
branch  3 taken 100% (fallthrough)
branch  4 taken 0% (throw)
call    5 returned 100%
branch  6 taken 100% (fallthrough)
branch  7 taken 0% (throw)
call    8 returned 100%
call    9 returned 100%
call   10 never executed
call   11 never executed
call   12 never executed
call   13 never executed
   200000:   61:  for (int x=2; x<=100000; x++) {
branch  0 taken 99% (fallthrough)
branch  1 taken 1%
   199998:   62:    r << x-1 << " " << x << " " << rand() % 100000 + 1 << endl;
call    0 returned 100%
call    1 returned 100%
branch  2 taken 100% (fallthrough)
branch  3 taken 0% (throw)
call    4 returned 100%
branch  5 taken 100% (fallthrough)
branch  6 taken 0% (throw)
call    7 returned 100%
branch  8 taken 100% (fallthrough)
branch  9 taken 0% (throw)
call   10 returned 100%
branch 11 taken 100% (fallthrough)
branch 12 taken 0% (throw)
call   13 returned 100%
branch 14 taken 100% (fallthrough)
branch 15 taken 0% (throw)
call   16 returned 100%
branch 17 taken 100% (fallthrough)
branch 18 taken 0% (throw)
        -:   63:  }
        4:   64:  ostringstream w;
call    0 returned 100%
branch  1 taken 100% (fallthrough)
branch  2 taken 0% (throw)
call    3 returned 100%
branch  4 taken 100%
branch  5 taken 0%
call    6 never executed
        2:   65:  solve(r, w);
call    0 returned 100%
branch  1 taken 100% (fallthrough)
branch  2 taken 0% (throw)
        2:   66:  ASSERT_EQ("-1\n", w.str());
call    0 returned 100%
branch  1 taken 100% (fallthrough)
branch  2 taken 0% (throw)
call    3 returned 100%
branch  4 taken 100% (fallthrough)
branch  5 taken 0% (throw)
call    6 returned 100%
call    7 returned 100%
branch  8 taken 0% (fallthrough)
branch  9 taken 100%
call   10 never executed
branch 11 never executed
branch 12 never executed
call   13 never executed
branch 14 never executed
branch 15 never executed
call   16 never executed
branch 17 never executed
branch 18 never executed
call   19 never executed
branch 20 never executed
branch 21 never executed
call   22 never executed
call   23 never executed
call   24 returned 100%
branch 25 taken 100%
branch 26 taken 0%
call   27 returned 100%
branch 28 taken 100%
branch 29 taken 0%
call   30 never executed
call   31 never executed
call   32 never executed
function _GLOBAL__sub_I__ZN20Fixture_solve_1_Test10test_info_E called 2 returned 100% blocks executed 100%
function _Z41__static_initialization_and_destruction_0ii called 2 returned 100% blocks executed 100%
        6:   67:}
call    0 returned 100%
branch  1 taken 100% (fallthrough)
branch  2 taken 0%
branch  3 taken 100% (fallthrough)
branch  4 taken 0%
